  Ai.cpp
C:\Users\tomas\MyPersonalBytes\VU\VII\Projektinis\Game of the amazons\Amazons\Game-of-Amazons\Ai.cpp(35,12): warning C4244: 'argument': conversion from 'time_t' to 'unsigned int', possible loss of data
  Board.cpp
  Main.cpp
  Person.cpp
  Player.cpp
  UI.cpp
C:\Users\tomas\MyPersonalBytes\VU\VII\Projektinis\Game of the amazons\Amazons\Game-of-Amazons\UI.cpp(60,66): warning C4244: 'argument': conversion from 'int' to 'float', possible loss of data
C:\Users\tomas\MyPersonalBytes\VU\VII\Projektinis\Game of the amazons\Amazons\Game-of-Amazons\UI.cpp(60,44): warning C4244: 'argument': conversion from 'int' to 'float', possible loss of data
C:\Users\tomas\MyPersonalBytes\VU\VII\Projektinis\Game of the amazons\Amazons\Game-of-Amazons\UI.cpp(90,38): warning C4244: 'argument': conversion from 'int' to 'float', possible loss of data
C:\Users\tomas\MyPersonalBytes\VU\VII\Projektinis\Game of the amazons\Amazons\Game-of-Amazons\UI.cpp(90,35): warning C4244: 'argument': conversion from 'int' to 'float', possible loss of data
C:\Users\tomas\MyPersonalBytes\VU\VII\Projektinis\Game of the amazons\Amazons\Game-of-Amazons\UI.cpp(127,68): warning C4244: 'argument': conversion from 'T' to 'T', possible loss of data
          with
          [
              T=int
          ]
          and
          [
              T=float
          ]
C:\Users\tomas\MyPersonalBytes\VU\VII\Projektinis\Game of the amazons\Amazons\Game-of-Amazons\UI.cpp(127,56): warning C4244: 'argument': conversion from 'T' to 'T', possible loss of data
          with
          [
              T=int
          ]
          and
          [
              T=float
          ]
C:\Users\tomas\MyPersonalBytes\VU\VII\Projektinis\Game of the amazons\Amazons\Game-of-Amazons\UI.cpp(132,14): warning C4244: 'initializing': conversion from 'T' to 'int', possible loss of data
          with
          [
              T=float
          ]
C:\Users\tomas\MyPersonalBytes\VU\VII\Projektinis\Game of the amazons\Amazons\Game-of-Amazons\UI.cpp(133,14): warning C4244: 'initializing': conversion from 'T' to 'int', possible loss of data
          with
          [
              T=float
          ]
C:\Users\tomas\MyPersonalBytes\VU\VII\Projektinis\Game of the amazons\Amazons\Game-of-Amazons\UI.cpp(137,69): warning C4244: 'argument': conversion from 'T' to 'T', possible loss of data
          with
          [
              T=float
          ]
          and
          [
              T=int
          ]
C:\Users\tomas\MyPersonalBytes\VU\VII\Projektinis\Game of the amazons\Amazons\Game-of-Amazons\UI.cpp(137,40): warning C4244: 'argument': conversion from 'T' to 'T', possible loss of data
          with
          [
              T=float
          ]
          and
          [
              T=int
          ]
C:\Users\tomas\MyPersonalBytes\VU\VII\Projektinis\Game of the amazons\Amazons\Game-of-Amazons\UI.cpp(153,60): warning C4244: 'argument': conversion from 'T' to 'float', possible loss of data
          with
          [
              T=int
          ]
C:\Users\tomas\MyPersonalBytes\VU\VII\Projektinis\Game of the amazons\Amazons\Game-of-Amazons\UI.cpp(153,38): warning C4244: 'argument': conversion from 'T' to 'float', possible loss of data
          with
          [
              T=int
          ]
C:\Users\tomas\MyPersonalBytes\VU\VII\Projektinis\Game of the amazons\Amazons\Game-of-Amazons\UI.cpp(173,57): warning C4244: 'argument': conversion from 'int' to 'float', possible loss of data
C:\Users\tomas\MyPersonalBytes\VU\VII\Projektinis\Game of the amazons\Amazons\Game-of-Amazons\UI.cpp(173,31): warning C4244: 'argument': conversion from 'int' to 'float', possible loss of data
C:\Users\tomas\MyPersonalBytes\VU\VII\Projektinis\Game of the amazons\Amazons\Game-of-Amazons\UI.cpp(181,83): warning C4244: 'argument': conversion from 'int' to 'T', possible loss of data
          with
          [
              T=float
          ]
C:\Users\tomas\MyPersonalBytes\VU\VII\Projektinis\Game of the amazons\Amazons\Game-of-Amazons\UI.cpp(181,54): warning C4244: 'argument': conversion from 'int' to 'T', possible loss of data
          with
          [
              T=float
          ]
C:\Users\tomas\MyPersonalBytes\VU\VII\Projektinis\Game of the amazons\Amazons\Game-of-Amazons\UI.cpp(214,76): warning C4244: 'argument': conversion from 'int' to 'float', possible loss of data
C:\Users\tomas\MyPersonalBytes\VU\VII\Projektinis\Game of the amazons\Amazons\Game-of-Amazons\UI.cpp(214,45): warning C4244: 'argument': conversion from 'int' to 'float', possible loss of data
  Generating code
C:\Users\tomas\MyPersonalBytes\VU\VII\Projektinis\Game of the amazons\Amazons\Game-of-Amazons\UI.cpp(141): warning C4715: 'UI::pickAmazon': not all control paths return a value
  31 of 298 functions (10.4%) were compiled, the rest were copied from previous compilation.
    0 functions were new in current compilation
    6 functions had inline decision re-evaluated but remain unchanged
  Finished generating code
  Amazons.vcxproj -> C:\Users\tomas\MyPersonalBytes\VU\VII\Projektinis\Game of the amazons\Amazons\Game-of-Amazons\Release\Amazons.exe
